<?xml version="1.0" encoding="UTF-8"?>
<coverage generated="1604115841536" clover="3.2.0">
  <project timestamp="1604115841536" name="All files">
    <metrics statements="15" coveredstatements="15" conditionals="0" coveredconditionals="0" methods="11" coveredmethods="11" elements="26" coveredelements="26" complexity="0" loc="15" ncloc="15" packages="1" files="4" classes="4"/>
    <file name="arrays.js" path="/Users/jcmartinez/Developer/U/Platzi/Test/src/arrays.js">
      <metrics statements="4" coveredstatements="4" conditionals="0" coveredconditionals="0" methods="2" coveredmethods="2"/>
      <line num="1" count="1" type="stmt"/>
      <line num="3" count="1" type="stmt"/>
      <line num="5" count="4" type="stmt"/>
      <line num="6" count="1" type="stmt"/>
    </file>
    <file name="logic.js" path="/Users/jcmartinez/Developer/U/Platzi/Test/src/logic.js">
      <metrics statements="4" coveredstatements="4" conditionals="0" coveredconditionals="0" methods="4" coveredmethods="4"/>
      <line num="1" count="2" type="stmt"/>
      <line num="2" count="2" type="stmt"/>
      <line num="3" count="2" type="stmt"/>
      <line num="4" count="1" type="stmt"/>
    </file>
    <file name="math.js" path="/Users/jcmartinez/Developer/U/Platzi/Test/src/math.js">
      <metrics statements="5" coveredstatements="5" conditionals="0" coveredconditionals="0" methods="4" coveredmethods="4"/>
      <line num="1" count="1" type="stmt"/>
      <line num="3" count="1" type="stmt"/>
      <line num="5" count="1" type="stmt"/>
      <line num="7" count="1" type="stmt"/>
      <line num="8" count="1" type="stmt"/>
    </file>
    <file name="numbers.js" path="/Users/jcmartinez/Developer/U/Platzi/Test/src/numbers.js">
      <metrics statements="2" coveredstatements="2" conditionals="0" coveredconditionals="0" methods="1" coveredmethods="1"/>
      <line num="1" count="1" type="stmt"/>
      <line num="2" count="5" type="stmt"/>
    </file>
  </project>
</coverage>
